<?xml version="1.0" encoding="UTF-8"?>
<testsuite xmlns:xsi="http://www.w3.org/2001/XMLSchema-instance" xsi:schemaLocation="https://maven.apache.org/surefire/maven-surefire-plugin/xsd/surefire-test-report.xsd" name="Parallel01IT" time="283.932" tests="85" errors="0" skipped="0" failures="0">
  <properties>
    <property name="java.runtime.name" value="Java(TM) SE Runtime Environment"/>
    <property name="sun.boot.library.path" value="C:\Program Files\Java\jdk1.8.0_211\jre\bin"/>
    <property name="java.vm.version" value="25.211-b12"/>
    <property name="java.vm.vendor" value="Oracle Corporation"/>
    <property name="maven.multiModuleProjectDirectory" value="C:\Users\cguevara6\OneDrive - DXC Production\Documents\GitHub\FR-Test-Automation"/>
    <property name="java.vendor.url" value="http://java.oracle.com/"/>
    <property name="path.separator" value=";"/>
    <property name="guice.disable.misplaced.annotation.check" value="true"/>
    <property name="java.vm.name" value="Java HotSpot(TM) 64-Bit Server VM"/>
    <property name="file.encoding.pkg" value="sun.io"/>
    <property name="user.script" value=""/>
    <property name="user.country" value="US"/>
    <property name="sun.java.launcher" value="SUN_STANDARD"/>
    <property name="sun.os.patch.level" value=""/>
    <property name="java.vm.specification.name" value="Java Virtual Machine Specification"/>
    <property name="user.dir" value="C:\Users\cguevara6\OneDrive - DXC Production\Documents\GitHub\FR-Test-Automation"/>
    <property name="java.runtime.version" value="1.8.0_211-b12"/>
    <property name="java.awt.graphicsenv" value="sun.awt.Win32GraphicsEnvironment"/>
    <property name="java.endorsed.dirs" value="C:\Program Files\Java\jdk1.8.0_211\jre\lib\endorsed"/>
    <property name="os.arch" value="amd64"/>
    <property name="java.io.tmpdir" value="C:\Users\cguevara6\AppData\Local\Temp\"/>
    <property name="line.separator" value="&#10;"/>
    <property name="java.vm.specification.vendor" value="Oracle Corporation"/>
    <property name="user.variant" value=""/>
    <property name="os.name" value="Windows 10"/>
    <property name="classworlds.conf" value="C:\Users\cguevara6\FRAutomation\.metadata\.plugins\org.eclipse.m2e.launching\launches\m2conf7838500572308415142.tmp"/>
    <property name="sun.jnu.encoding" value="Cp1252"/>
    <property name="java.library.path" value="C:\Program Files\Java\jdk1.8.0_211\bin;C:\windows\Sun\Java\bin;C:\windows\system32;C:\windows;C:/Program Files/Java/jre1.8.0_211/bin/server;C:/Program Files/Java/jre1.8.0_211/bin;C:/Program Files/Java/jre1.8.0_211/lib/amd64;C:\Program Files (x86)\Common Files\Oracle\Java\javapath;C:\windows\system32;C:\windows;C:\windows\System32\Wbem;C:\windows\System32\WindowsPowerShell\v1.0\;C:\Program Files (x86)\Symantec\VIP Access Client\;C:\Program Files (x86)\OpenVPN\bin;C:\Program Files\Java\jdk1.8.0_211;C:\Program Files\apache-maven-3.6.0\bin;C:\Program Files\Git\cmd;C:\Program Files\nodejs\;C:\Program Files (x86)\Microsoft SQL Server\Client SDK\ODBC\110\Tools\Binn\;C:\Program Files (x86)\Microsoft SQL Server\120\Tools\Binn\;C:\Program Files (x86)\Microsoft SQL Server\120\DTS\Binn\;C:\Program Files\Java\jdk1.8.0_211\bin;C:\Program Files\apache-maven-3.6.0\bin;C:\Users\cguevara6\AppData\Local\Microsoft\WindowsApps;C:\Program Files\apache-maven-3.6.0\bin;C:\Users\cguevara6\AppData\Roaming\npm;C:\Users\cguevara6\AppData\Local\Programs\Microsoft VS Code\bin;C:\Users\cguevara6\AppData\Local\GitHubDesktop\bin;C:\Users\cguevara6\AppData\Local\Box\Box Edit\;C:\Users\cguevara6\eclipse\java-2018-12\eclipse;;."/>
    <property name="java.specification.name" value="Java Platform API Specification"/>
    <property name="java.class.version" value="52.0"/>
    <property name="sun.management.compiler" value="HotSpot 64-Bit Tiered Compilers"/>
    <property name="os.version" value="10.0"/>
    <property name="user.home" value="C:\Users\cguevara6"/>
    <property name="user.timezone" value="Asia/Singapore"/>
    <property name="java.awt.printerjob" value="sun.awt.windows.WPrinterJob"/>
    <property name="java.specification.version" value="1.8"/>
    <property name="file.encoding" value="Cp1252"/>
    <property name="user.name" value="cguevara6"/>
    <property name="java.class.path" value="C:\Users\cguevara6\.p2\pool\plugins\org.eclipse.m2e.maven.runtime_1.10.0.20181127-2120\jars\plexus-classworlds-2.5.2.jar"/>
    <property name="java.vm.specification.version" value="1.8"/>
    <property name="sun.arch.data.model" value="64"/>
    <property name="java.home" value="C:\Program Files\Java\jdk1.8.0_211\jre"/>
    <property name="sun.java.command" value="org.codehaus.plexus.classworlds.launcher.Launcher -B install"/>
    <property name="java.specification.vendor" value="Oracle Corporation"/>
    <property name="user.language" value="en"/>
    <property name="awt.toolkit" value="sun.awt.windows.WToolkit"/>
    <property name="java.vm.info" value="mixed mode"/>
    <property name="java.version" value="1.8.0_211"/>
    <property name="java.ext.dirs" value="C:\Program Files\Java\jdk1.8.0_211\jre\lib\ext;C:\windows\Sun\Java\lib\ext"/>
    <property name="sun.boot.class.path" value="C:\Program Files\Java\jdk1.8.0_211\jre\lib\resources.jar;C:\Program Files\Java\jdk1.8.0_211\jre\lib\rt.jar;C:\Program Files\Java\jdk1.8.0_211\jre\lib\sunrsasign.jar;C:\Program Files\Java\jdk1.8.0_211\jre\lib\jsse.jar;C:\Program Files\Java\jdk1.8.0_211\jre\lib\jce.jar;C:\Program Files\Java\jdk1.8.0_211\jre\lib\charsets.jar;C:\Program Files\Java\jdk1.8.0_211\jre\lib\jfr.jar;C:\Program Files\Java\jdk1.8.0_211\jre\classes"/>
    <property name="java.vendor" value="Oracle Corporation"/>
    <property name="maven.home" value="C:\Users\cguevara6\OneDrive - DXC Production\Documents\GitHub\FR-Test-Automation\EMBEDDED"/>
    <property name="file.separator" value="\"/>
    <property name="java.vendor.url.bug" value="http://bugreport.sun.com/bugreport/"/>
    <property name="sun.cpu.endian" value="little"/>
    <property name="sun.io.unicode.encoding" value="UnicodeLittle"/>
    <property name="sun.desktop" value="windows"/>
    <property name="sun.cpu.isalist" value="amd64"/>
  </properties>
  <testcase name="Given I am login" classname="Scenario: Verify successful navigation to Access Management page" time="0.004"/>
  <testcase name="And I am on Home page" classname="Scenario: Verify successful navigation to Access Management page" time="0"/>
  <testcase name="When I click Maintenance tab" classname="Scenario: Verify successful navigation to Access Management page" time="0"/>
  <testcase name="And I select Access Management" classname="Scenario: Verify successful navigation to Access Management page" time="0"/>
  <testcase name="Then Access Management page should be loaded successfully" classname="Scenario: Verify successful navigation to Access Management page" time="0"/>
  <testcase name="Scenario: Verify successful navigation to Access Management page" classname="Scenario: Verify successful navigation to Access Management page" time="1.093"/>
  <testcase name="Given I am login" classname="Scenario: Verify adding a new User" time="0"/>
  <testcase name="And I am on Home page" classname="Scenario: Verify adding a new User" time="0"/>
  <testcase name="When I click Maintenance tab" classname="Scenario: Verify adding a new User" time="0"/>
  <testcase name="And I select Access Management" classname="Scenario: Verify adding a new User" time="0"/>
  <testcase name="And I click Add User button" classname="Scenario: Verify adding a new User" time="0"/>
  <testcase name="And I fill-in the fields with values: Employee Id: 12345, Name: AUT_TestUser, Role: Admin, Expiration date: From 05/01/2019 To 12/31/2019" classname="Scenario: Verify adding a new User" time="0"/>
  <testcase name="And I click Save" classname="Scenario: Verify adding a new User" time="0"/>
  <testcase name="Then User should be added successfully" classname="Scenario: Verify adding a new User" time="0"/>
  <testcase name="Scenario: Verify adding a new User" classname="Scenario: Verify adding a new User" time="1.196"/>
  <testcase name="Given I am login" classname="Scenario: Verify adding a new Role" time="0"/>
  <testcase name="And I am on Home page" classname="Scenario: Verify adding a new Role" time="0"/>
  <testcase name="When I click Maintenance tab" classname="Scenario: Verify adding a new Role" time="0"/>
  <testcase name="And I select Access Management" classname="Scenario: Verify adding a new Role" time="0"/>
  <testcase name="And I go to Roles section" classname="Scenario: Verify adding a new Role" time="0"/>
  <testcase name="And I click Add Role button" classname="Scenario: Verify adding a new Role" time="0"/>
  <testcase name="And I fill-in the fields with values: Role Name: AUT_TestRole, Roles: FILTER_CREATE,FILTER_READ,FILTER_UPDATE,FILTER_DELETE" classname="Scenario: Verify adding a new Role" time="0"/>
  <testcase name="And I click Save" classname="Scenario: Verify adding a new Role" time="0"/>
  <testcase name="Then Role should be added successfully" classname="Scenario: Verify adding a new Role" time="0"/>
  <testcase name="Scenario: Verify adding a new Role" classname="Scenario: Verify adding a new Role" time="1.239"/>
  <testcase name="Given I am login" classname="Scenario: Verify editting a User" time="0"/>
  <testcase name="And I am on Home page" classname="Scenario: Verify editting a User" time="0"/>
  <testcase name="When I click Maintenance tab" classname="Scenario: Verify editting a User" time="0"/>
  <testcase name="And I select Access Management" classname="Scenario: Verify editting a User" time="0"/>
  <testcase name="And I click the user with name: AUT_TestUser" classname="Scenario: Verify editting a User" time="0"/>
  <testcase name="And I edit the fields with values: Employee Id: 67890, Name: AUT_TestEdittedUser, Role: AUT_TestRole" classname="Scenario: Verify editting a User" time="0"/>
  <testcase name="And I click Save" classname="Scenario: Verify editting a User" time="0"/>
  <testcase name="Then User should be editted successfully with new values: Employee Id: 67890, Name: AUT_TestEdittedUser, Role: AUT_TestRole" classname="Scenario: Verify editting a User" time="0"/>
  <testcase name="Scenario: Verify editting a User" classname="Scenario: Verify editting a User" time="1.384"/>
  <testcase name="Given I am login" classname="Scenario: Verify that From date cannot be greater than To date when setting Expiration date for User" time="0"/>
  <testcase name="And I am on Home page" classname="Scenario: Verify that From date cannot be greater than To date when setting Expiration date for User" time="0"/>
  <testcase name="When I click Maintenance tab" classname="Scenario: Verify that From date cannot be greater than To date when setting Expiration date for User" time="0"/>
  <testcase name="And I select Access Management" classname="Scenario: Verify that From date cannot be greater than To date when setting Expiration date for User" time="0"/>
  <testcase name="And I click the user with name: AUT_TestEdittedUser" classname="Scenario: Verify that From date cannot be greater than To date when setting Expiration date for User" time="0"/>
  <testcase name="And I change the Expiration date to: 05/01/2019 to 04/15/2019" classname="Scenario: Verify that From date cannot be greater than To date when setting Expiration date for User" time="0"/>
  <testcase name="And I click Save" classname="Scenario: Verify that From date cannot be greater than To date when setting Expiration date for User" time="0"/>
  <testcase name="Then User should be editted successfully and AUT_TestEdittedUser&apos;s From date is not greater than To date" classname="Scenario: Verify that From date cannot be greater than To date when setting Expiration date for User" time="0"/>
  <testcase name="Scenario: Verify that From date cannot be greater than To date when setting Expiration date for User" classname="Scenario: Verify that From date cannot be greater than To date when setting Expiration date for User" time="1.509"/>
  <testcase name="Given I am login" classname="Scenario: Verify editting a Role" time="0"/>
  <testcase name="And I am on Home page" classname="Scenario: Verify editting a Role" time="0"/>
  <testcase name="When I click Maintenance tab" classname="Scenario: Verify editting a Role" time="0"/>
  <testcase name="And I select Access Management" classname="Scenario: Verify editting a Role" time="0"/>
  <testcase name="And I go to Roles section" classname="Scenario: Verify editting a Role" time="0"/>
  <testcase name="And I click the role with name: AUT_TestRole" classname="Scenario: Verify editting a Role" time="0"/>
  <testcase name="And I edit the fields with values: Role Name: AUT_TestEdittedRole, Roles: FILTER_CREATE,USER_READ,ROLE_UPDATE" classname="Scenario: Verify editting a Role" time="0"/>
  <testcase name="And I click Save" classname="Scenario: Verify editting a Role" time="0"/>
  <testcase name="Then Role should be editted successfully with new values: Role Name: AUT_TestEdittedRole, Roles: FILTER_CREATE,USER_READ,ROLE_UPDATE" classname="Scenario: Verify editting a Role" time="0"/>
  <testcase name="Scenario: Verify editting a Role" classname="Scenario: Verify editting a Role" time="1.384"/>
  <testcase name="Given I am login" classname="Scenario: Verify deleting a User" time="0"/>
  <testcase name="And I am on Home page" classname="Scenario: Verify deleting a User" time="0"/>
  <testcase name="When I click Maintenance tab" classname="Scenario: Verify deleting a User" time="0"/>
  <testcase name="And I select Access Management" classname="Scenario: Verify deleting a User" time="0"/>
  <testcase name="And I click the delete button of user AUT_TestEdittedUser" classname="Scenario: Verify deleting a User" time="0"/>
  <testcase name="Then AUT_TestEdittedUser should be deleted successfully" classname="Scenario: Verify deleting a User" time="0"/>
  <testcase name="Scenario: Verify deleting a User" classname="Scenario: Verify deleting a User" time="1.433"/>
  <testcase name="Given I am login" classname="Scenario: Verify deleting a Role" time="0"/>
  <testcase name="And I am on Home page" classname="Scenario: Verify deleting a Role" time="0"/>
  <testcase name="When I click Maintenance tab" classname="Scenario: Verify deleting a Role" time="0"/>
  <testcase name="And I select Access Management" classname="Scenario: Verify deleting a Role" time="0"/>
  <testcase name="And I go to Roles section" classname="Scenario: Verify deleting a Role" time="0"/>
  <testcase name="And I click the delete button of role AUT_TestEdittedRole" classname="Scenario: Verify deleting a Role" time="0"/>
  <testcase name="Then AUT_TestEdittedRole should be deleted successfully" classname="Scenario: Verify deleting a Role" time="0"/>
  <testcase name="Scenario: Verify deleting a Role" classname="Scenario: Verify deleting a Role" time="1.247"/>
  <testcase name="Given I am login(Scenario: Verify adding a new User with mandatory fields " classname="Given I am login(Scenario: Verify adding a new User with mandatory fields (Employee Id, Name) left blank)" time="0"/>
  <testcase name="And I am on Home page(Scenario: Verify adding a new User with mandatory fields " classname="And I am on Home page(Scenario: Verify adding a new User with mandatory fields (Employee Id, Name) left blank)" time="0"/>
  <testcase name="When I click Maintenance tab(Scenario: Verify adding a new User with mandatory fields " classname="When I click Maintenance tab(Scenario: Verify adding a new User with mandatory fields (Employee Id, Name) left blank)" time="0"/>
  <testcase name="And I select Access Management(Scenario: Verify adding a new User with mandatory fields " classname="And I select Access Management(Scenario: Verify adding a new User with mandatory fields (Employee Id, Name) left blank)" time="0"/>
  <testcase name="And I click Add User button(Scenario: Verify adding a new User with mandatory fields " classname="And I click Add User button(Scenario: Verify adding a new User with mandatory fields (Employee Id, Name) left blank)" time="0"/>
  <testcase name="And I click Save(Scenario: Verify adding a new User with mandatory fields " classname="And I click Save(Scenario: Verify adding a new User with mandatory fields (Employee Id, Name) left blank)" time="0"/>
  <testcase name="Then User should not be added successfully(Scenario: Verify adding a new User with mandatory fields " classname="Then User should not be added successfully(Scenario: Verify adding a new User with mandatory fields (Employee Id, Name) left blank)" time="0"/>
  <testcase name="Scenario: Verify adding a new User with mandatory fields " classname="Scenario: Verify adding a new User with mandatory fields (Employee Id, Name) left blank" time="1.649"/>
  <testcase name="Given I am login(Scenario: Verify adding a new Role with mandatory fields " classname="Given I am login(Scenario: Verify adding a new Role with mandatory fields (Role Name) left blank)" time="0"/>
  <testcase name="And I am on Home page(Scenario: Verify adding a new Role with mandatory fields " classname="And I am on Home page(Scenario: Verify adding a new Role with mandatory fields (Role Name) left blank)" time="0"/>
  <testcase name="When I click Maintenance tab(Scenario: Verify adding a new Role with mandatory fields " classname="When I click Maintenance tab(Scenario: Verify adding a new Role with mandatory fields (Role Name) left blank)" time="0"/>
  <testcase name="And I select Access Management(Scenario: Verify adding a new Role with mandatory fields " classname="And I select Access Management(Scenario: Verify adding a new Role with mandatory fields (Role Name) left blank)" time="0"/>
  <testcase name="And I go to Roles section(Scenario: Verify adding a new Role with mandatory fields " classname="And I go to Roles section(Scenario: Verify adding a new Role with mandatory fields (Role Name) left blank)" time="0"/>
  <testcase name="And I click Add Role button(Scenario: Verify adding a new Role with mandatory fields " classname="And I click Add Role button(Scenario: Verify adding a new Role with mandatory fields (Role Name) left blank)" time="0"/>
  <testcase name="And I click Save(Scenario: Verify adding a new Role with mandatory fields " classname="And I click Save(Scenario: Verify adding a new Role with mandatory fields (Role Name) left blank)" time="0"/>
  <testcase name="Then Role should not be added successfully(Scenario: Verify adding a new Role with mandatory fields " classname="Then Role should not be added successfully(Scenario: Verify adding a new Role with mandatory fields (Role Name) left blank)" time="0"/>
  <testcase name="Scenario: Verify adding a new Role with mandatory fields " classname="Scenario: Verify adding a new Role with mandatory fields (Role Name) left blank" time="1.346"/>
</testsuite>