<?xml version="1.0" encoding="UTF-8"?>
<testsuite xmlns:xsi="http://www.w3.org/2001/XMLSchema-instance" xsi:schemaLocation="https://maven.apache.org/surefire/maven-surefire-plugin/xsd/surefire-test-report.xsd" name="Parallel01IT" time="255.66" tests="21" errors="0" skipped="0" failures="0">
  <properties>
    <property name="java.runtime.name" value="Java(TM) SE Runtime Environment"/>
    <property name="sun.boot.library.path" value="C:\Program Files\Java\jdk1.8.0_181\jre\bin"/>
    <property name="java.vm.version" value="25.181-b13"/>
    <property name="java.vm.vendor" value="Oracle Corporation"/>
    <property name="maven.multiModuleProjectDirectory" value="C:\Users\sclavio\Documents\Git\FR-Test-Automation"/>
    <property name="java.vendor.url" value="http://java.oracle.com/"/>
    <property name="path.separator" value=";"/>
    <property name="guice.disable.misplaced.annotation.check" value="true"/>
    <property name="java.vm.name" value="Java HotSpot(TM) 64-Bit Server VM"/>
    <property name="file.encoding.pkg" value="sun.io"/>
    <property name="user.script" value=""/>
    <property name="user.country" value="US"/>
    <property name="sun.java.launcher" value="SUN_STANDARD"/>
    <property name="sun.os.patch.level" value=""/>
    <property name="java.vm.specification.name" value="Java Virtual Machine Specification"/>
    <property name="user.dir" value="C:\Users\sclavio\Documents\Git\FR-Test-Automation"/>
    <property name="java.runtime.version" value="1.8.0_181-b13"/>
    <property name="java.awt.graphicsenv" value="sun.awt.Win32GraphicsEnvironment"/>
    <property name="java.endorsed.dirs" value="C:\Program Files\Java\jdk1.8.0_181\jre\lib\endorsed"/>
    <property name="os.arch" value="amd64"/>
    <property name="java.io.tmpdir" value="C:\Users\sclavio\AppData\Local\Temp\"/>
    <property name="line.separator" value="&#10;"/>
    <property name="java.vm.specification.vendor" value="Oracle Corporation"/>
    <property name="user.variant" value=""/>
    <property name="os.name" value="Windows 10"/>
    <property name="classworlds.conf" value="C:\Users\clavios\eclipse-workspace\.metadata\.plugins\org.eclipse.m2e.launching\launches\m2conf6080687967175907383.tmp"/>
    <property name="sun.jnu.encoding" value="Cp1252"/>
    <property name="java.library.path" value="C:\Program Files\Java\jdk1.8.0_181\bin;C:\windows\Sun\Java\bin;C:\windows\system32;C:\windows;C:/Program Files/Java/jre1.8.0_181/bin/server;C:/Program Files/Java/jre1.8.0_181/bin;C:/Program Files/Java/jre1.8.0_181/lib/amd64;C:\Program Files (x86)\Common Files\Oracle\Java\javapath;C:\windows\system32;C:\windows;C:\windows\system32\wbem;C:\windows\system32\windowspowershell\v1.0\;C:\Program Files\Java\jdk1.8.0_181\bin;C:\Program Files\apache-maven-3.5.3-bin\apache-maven-3.5.3\bin;c:\program files (x86)\gitextensions\;c:\program files (x86)\symantec\vip access client\;c:\windows\system32;C:\Program Files\nodejs\;C:\Program Files\Git\cmd;C:\Users\sclavio\AppData\Local\Microsoft\WindowsApps;C:\Users\sclavio\AppData\Roaming\npm;C:\Users\clavios\Desktop\Installers\eclipse-jee-oxygen\eclipse;;."/>
    <property name="java.specification.name" value="Java Platform API Specification"/>
    <property name="java.class.version" value="52.0"/>
    <property name="sun.management.compiler" value="HotSpot 64-Bit Tiered Compilers"/>
    <property name="os.version" value="10.0"/>
    <property name="user.home" value="C:\Users\sclavio"/>
    <property name="user.timezone" value="Asia/Singapore"/>
    <property name="java.awt.printerjob" value="sun.awt.windows.WPrinterJob"/>
    <property name="java.specification.version" value="1.8"/>
    <property name="file.encoding" value="Cp1252"/>
    <property name="user.name" value="sclavio"/>
    <property name="java.class.path" value="C:\Users\sclavio\Desktop\Installers\eclipse-jee-oxygen\eclipse\plugins\org.eclipse.m2e.maven.runtime_1.8.2.20171007-0216\jars\plexus-classworlds-2.5.2.jar"/>
    <property name="java.vm.specification.version" value="1.8"/>
    <property name="sun.arch.data.model" value="64"/>
    <property name="java.home" value="C:\Program Files\Java\jdk1.8.0_181\jre"/>
    <property name="sun.java.command" value="org.codehaus.plexus.classworlds.launcher.Launcher -B clean install"/>
    <property name="java.specification.vendor" value="Oracle Corporation"/>
    <property name="user.language" value="en"/>
    <property name="awt.toolkit" value="sun.awt.windows.WToolkit"/>
    <property name="java.vm.info" value="mixed mode"/>
    <property name="java.version" value="1.8.0_181"/>
    <property name="java.ext.dirs" value="C:\Program Files\Java\jdk1.8.0_181\jre\lib\ext;C:\windows\Sun\Java\lib\ext"/>
    <property name="sun.boot.class.path" value="C:\Program Files\Java\jdk1.8.0_181\jre\lib\resources.jar;C:\Program Files\Java\jdk1.8.0_181\jre\lib\rt.jar;C:\Program Files\Java\jdk1.8.0_181\jre\lib\sunrsasign.jar;C:\Program Files\Java\jdk1.8.0_181\jre\lib\jsse.jar;C:\Program Files\Java\jdk1.8.0_181\jre\lib\jce.jar;C:\Program Files\Java\jdk1.8.0_181\jre\lib\charsets.jar;C:\Program Files\Java\jdk1.8.0_181\jre\lib\jfr.jar;C:\Program Files\Java\jdk1.8.0_181\jre\classes"/>
    <property name="java.vendor" value="Oracle Corporation"/>
    <property name="maven.home" value="C:\Users\sclavio\Documents\Git\FR-Test-Automation\EMBEDDED"/>
    <property name="file.separator" value="\"/>
    <property name="java.vendor.url.bug" value="http://bugreport.sun.com/bugreport/"/>
    <property name="sun.cpu.endian" value="little"/>
    <property name="sun.io.unicode.encoding" value="UnicodeLittle"/>
    <property name="sun.desktop" value="windows"/>
    <property name="sun.cpu.isalist" value="amd64"/>
  </properties>
  <testcase name="Given I am login" classname="| AUT_TestSnowTicketAction1 | Nagios-Pet | Description | Contains | TEST |" time="0.005"/>
  <testcase name="And I am on Create New Filter page" classname="| AUT_TestSnowTicketAction1 | Nagios-Pet | Description | Contains | TEST |" time="0"/>
  <testcase name="When I create a Filter with filter name &quot;AUT_TestSnowTicketAction1&quot; and &quot;Nagios-Pet&quot; as source" classname="| AUT_TestSnowTicketAction1 | Nagios-Pet | Description | Contains | TEST |" time="0"/>
  <testcase name="And with Filter Rule: &quot;Description&quot; &quot;Contains&quot; &quot;TEST&quot;" classname="| AUT_TestSnowTicketAction1 | Nagios-Pet | Description | Contains | TEST |" time="0"/>
  <testcase name="And with Action: Create SNOW Ticket &quot;AUT_TestSnowTicketAction1&quot;" classname="| AUT_TestSnowTicketAction1 | Nagios-Pet | Description | Contains | TEST |" time="0"/>
  <testcase name="Then I should be able to save successfully" classname="| AUT_TestSnowTicketAction1 | Nagios-Pet | Description | Contains | TEST |" time="0"/>
  <testcase name="| AUT_TestSnowTicketAction1 | Nagios-Pet | Description | Contains | TEST |" classname="| AUT_TestSnowTicketAction1 | Nagios-Pet | Description | Contains | TEST |" time="1.934"/>
  <testcase name="Given I am login" classname="| AUT_TestSnowTicketAction2 | Cisco Meraki | IP Address | Begins With | 192 |" time="0"/>
  <testcase name="And I am on Create New Filter page" classname="| AUT_TestSnowTicketAction2 | Cisco Meraki | IP Address | Begins With | 192 |" time="0"/>
  <testcase name="When I create a Filter with filter name &quot;AUT_TestSnowTicketAction2&quot; and &quot;Cisco Meraki&quot; as source" classname="| AUT_TestSnowTicketAction2 | Cisco Meraki | IP Address | Begins With | 192 |" time="0.006"/>
  <testcase name="And with Filter Rule: &quot;IP Address&quot; &quot;Begins With&quot; &quot;192&quot;" classname="| AUT_TestSnowTicketAction2 | Cisco Meraki | IP Address | Begins With | 192 |" time="0"/>
  <testcase name="And with Action: Create SNOW Ticket &quot;AUT_TestSnowTicketAction2&quot;" classname="| AUT_TestSnowTicketAction2 | Cisco Meraki | IP Address | Begins With | 192 |" time="0"/>
  <testcase name="Then I should be able to save successfully" classname="| AUT_TestSnowTicketAction2 | Cisco Meraki | IP Address | Begins With | 192 |" time="0"/>
  <testcase name="| AUT_TestSnowTicketAction2 | Cisco Meraki | IP Address | Begins With | 192 |" classname="| AUT_TestSnowTicketAction2 | Cisco Meraki | IP Address | Begins With | 192 |" time="1.581"/>
  <testcase name="Given I am login" classname="| AUT_TestSnowTicketAction3 | Nagios-Pet | Summarry | Contains | TEST |" time="0"/>
  <testcase name="And I am on Create New Filter page" classname="| AUT_TestSnowTicketAction3 | Nagios-Pet | Summarry | Contains | TEST |" time="0"/>
  <testcase name="When I create a Filter with filter name &quot;AUT_TestSnowTicketAction3&quot; and &quot;Nagios-Pet&quot; as source" classname="| AUT_TestSnowTicketAction3 | Nagios-Pet | Summarry | Contains | TEST |" time="0"/>
  <testcase name="And with Filter Rule: &quot;Summarry&quot; &quot;Contains&quot; &quot;TEST&quot;" classname="| AUT_TestSnowTicketAction3 | Nagios-Pet | Summarry | Contains | TEST |" time="0"/>
  <testcase name="And with Action: Create SNOW Ticket but mandatory fields are left blank &quot;AUT_TestSnowTicketAction3&quot;" classname="| AUT_TestSnowTicketAction3 | Nagios-Pet | Summarry | Contains | TEST |" time="0"/>
  <testcase name="Then I should not be able to save successfully" classname="| AUT_TestSnowTicketAction3 | Nagios-Pet | Summarry | Contains | TEST |" time="0"/>
  <testcase name="| AUT_TestSnowTicketAction3 | Nagios-Pet | Summarry | Contains | TEST |" classname="| AUT_TestSnowTicketAction3 | Nagios-Pet | Summarry | Contains | TEST |" time="1.693"/>
</testsuite>