<?xml version="1.0" encoding="UTF-8"?>
<testsuite xmlns:xsi="http://www.w3.org/2001/XMLSchema-instance" xsi:schemaLocation="https://maven.apache.org/surefire/maven-surefire-plugin/xsd/surefire-test-report.xsd" name="Parallel01IT" time="212.688" tests="72" errors="0" skipped="0" failures="0">
  <properties>
    <property name="java.runtime.name" value="Java(TM) SE Runtime Environment"/>
    <property name="sun.boot.library.path" value="C:\Program Files\Java\jdk1.8.0_211\jre\bin"/>
    <property name="java.vm.version" value="25.211-b12"/>
    <property name="java.vm.vendor" value="Oracle Corporation"/>
    <property name="maven.multiModuleProjectDirectory" value="C:\Users\cguevara6\OneDrive - DXC Production\Documents\GitHub\FR-Test-Automation"/>
    <property name="java.vendor.url" value="http://java.oracle.com/"/>
    <property name="path.separator" value=";"/>
    <property name="guice.disable.misplaced.annotation.check" value="true"/>
    <property name="java.vm.name" value="Java HotSpot(TM) 64-Bit Server VM"/>
    <property name="file.encoding.pkg" value="sun.io"/>
    <property name="user.script" value=""/>
    <property name="user.country" value="US"/>
    <property name="sun.java.launcher" value="SUN_STANDARD"/>
    <property name="sun.os.patch.level" value=""/>
    <property name="java.vm.specification.name" value="Java Virtual Machine Specification"/>
    <property name="user.dir" value="C:\Users\cguevara6\OneDrive - DXC Production\Documents\GitHub\FR-Test-Automation"/>
    <property name="java.runtime.version" value="1.8.0_211-b12"/>
    <property name="java.awt.graphicsenv" value="sun.awt.Win32GraphicsEnvironment"/>
    <property name="java.endorsed.dirs" value="C:\Program Files\Java\jdk1.8.0_211\jre\lib\endorsed"/>
    <property name="os.arch" value="amd64"/>
    <property name="java.io.tmpdir" value="C:\Users\cguevara6\AppData\Local\Temp\"/>
    <property name="line.separator" value="&#10;"/>
    <property name="java.vm.specification.vendor" value="Oracle Corporation"/>
    <property name="user.variant" value=""/>
    <property name="os.name" value="Windows 10"/>
    <property name="classworlds.conf" value="C:\Users\cguevara6\FRAutomation\.metadata\.plugins\org.eclipse.m2e.launching\launches\m2conf7594488520774609503.tmp"/>
    <property name="sun.jnu.encoding" value="Cp1252"/>
    <property name="java.library.path" value="C:\Program Files\Java\jdk1.8.0_211\bin;C:\windows\Sun\Java\bin;C:\windows\system32;C:\windows;C:/Program Files/Java/jre1.8.0_211/bin/server;C:/Program Files/Java/jre1.8.0_211/bin;C:/Program Files/Java/jre1.8.0_211/lib/amd64;C:\Program Files (x86)\Common Files\Oracle\Java\javapath;C:\windows\system32;C:\windows;C:\windows\System32\Wbem;C:\windows\System32\WindowsPowerShell\v1.0\;C:\Program Files (x86)\Symantec\VIP Access Client\;C:\Program Files (x86)\OpenVPN\bin;C:\Program Files\Java\jdk1.8.0_211;C:\Program Files\apache-maven-3.6.0\bin;C:\Program Files\Git\cmd;C:\Program Files\nodejs\;C:\Program Files (x86)\Microsoft SQL Server\Client SDK\ODBC\110\Tools\Binn\;C:\Program Files (x86)\Microsoft SQL Server\120\Tools\Binn\;C:\Program Files (x86)\Microsoft SQL Server\120\DTS\Binn\;C:\Program Files\Java\jdk1.8.0_211\bin;C:\Program Files\apache-maven-3.6.0\bin;C:\Program Files (x86)\PuTTY\;C:\Users\cguevara6\AppData\Local\Microsoft\WindowsApps;C:\Program Files\apache-maven-3.6.0\bin;C:\Users\cguevara6\AppData\Roaming\npm;C:\Users\cguevara6\AppData\Local\Programs\Microsoft VS Code\bin;C:\Users\cguevara6\AppData\Local\GitHubDesktop\bin;C:\Users\cguevara6\AppData\Local\Box\Box Edit\;C:\Users\cguevara6\eclipse\java-2018-12\eclipse;;."/>
    <property name="java.specification.name" value="Java Platform API Specification"/>
    <property name="java.class.version" value="52.0"/>
    <property name="sun.management.compiler" value="HotSpot 64-Bit Tiered Compilers"/>
    <property name="os.version" value="10.0"/>
    <property name="user.home" value="C:\Users\cguevara6"/>
    <property name="user.timezone" value="Asia/Singapore"/>
    <property name="java.awt.printerjob" value="sun.awt.windows.WPrinterJob"/>
    <property name="java.specification.version" value="1.8"/>
    <property name="file.encoding" value="Cp1252"/>
    <property name="user.name" value="cguevara6"/>
    <property name="java.class.path" value="C:\Users\cguevara6\.p2\pool\plugins\org.eclipse.m2e.maven.runtime_1.10.0.20181127-2120\jars\plexus-classworlds-2.5.2.jar"/>
    <property name="java.vm.specification.version" value="1.8"/>
    <property name="sun.arch.data.model" value="64"/>
    <property name="java.home" value="C:\Program Files\Java\jdk1.8.0_211\jre"/>
    <property name="sun.java.command" value="org.codehaus.plexus.classworlds.launcher.Launcher -B install"/>
    <property name="java.specification.vendor" value="Oracle Corporation"/>
    <property name="user.language" value="en"/>
    <property name="awt.toolkit" value="sun.awt.windows.WToolkit"/>
    <property name="java.vm.info" value="mixed mode"/>
    <property name="java.version" value="1.8.0_211"/>
    <property name="java.ext.dirs" value="C:\Program Files\Java\jdk1.8.0_211\jre\lib\ext;C:\windows\Sun\Java\lib\ext"/>
    <property name="sun.boot.class.path" value="C:\Program Files\Java\jdk1.8.0_211\jre\lib\resources.jar;C:\Program Files\Java\jdk1.8.0_211\jre\lib\rt.jar;C:\Program Files\Java\jdk1.8.0_211\jre\lib\sunrsasign.jar;C:\Program Files\Java\jdk1.8.0_211\jre\lib\jsse.jar;C:\Program Files\Java\jdk1.8.0_211\jre\lib\jce.jar;C:\Program Files\Java\jdk1.8.0_211\jre\lib\charsets.jar;C:\Program Files\Java\jdk1.8.0_211\jre\lib\jfr.jar;C:\Program Files\Java\jdk1.8.0_211\jre\classes"/>
    <property name="java.vendor" value="Oracle Corporation"/>
    <property name="maven.home" value="C:\Users\cguevara6\OneDrive - DXC Production\Documents\GitHub\FR-Test-Automation\EMBEDDED"/>
    <property name="file.separator" value="\"/>
    <property name="java.vendor.url.bug" value="http://bugreport.sun.com/bugreport/"/>
    <property name="sun.cpu.endian" value="little"/>
    <property name="sun.io.unicode.encoding" value="UnicodeLittle"/>
    <property name="sun.desktop" value="windows"/>
    <property name="sun.cpu.isalist" value="amd64"/>
  </properties>
  <testcase name="Given I am login" classname="| Success |" time="0.002"/>
  <testcase name="And I am on Events Browser page" classname="| Success |" time="0"/>
  <testcase name="When I select Success as Status" classname="| Success |" time="0"/>
  <testcase name="And I click Apply" classname="| Success |" time="0"/>
  <testcase name="Then Events Browser page should list all events with Success actions only" classname="| Success |" time="0"/>
  <testcase name="| Success |" classname="| Success |" time="0.915"/>
  <testcase name="Given I am login" classname="| Partially Successful |" time="0"/>
  <testcase name="And I am on Events Browser page" classname="| Partially Successful |" time="0"/>
  <testcase name="When I select Partially Successful as Status" classname="| Partially Successful |" time="0"/>
  <testcase name="And I click Apply" classname="| Partially Successful |" time="0"/>
  <testcase name="Then Events Browser page should list all events with Partially Successful actions only" classname="| Partially Successful |" time="0"/>
  <testcase name="| Partially Successful |" classname="| Partially Successful |" time="0.937"/>
  <testcase name="Given I am login" classname="| Failed |" time="0"/>
  <testcase name="And I am on Events Browser page" classname="| Failed |" time="0.001"/>
  <testcase name="When I select Failed as Status" classname="| Failed |" time="0"/>
  <testcase name="And I click Apply" classname="| Failed |" time="0"/>
  <testcase name="Then Events Browser page should list all events with Failed actions only" classname="| Failed |" time="0"/>
  <testcase name="| Failed |" classname="| Failed |" time="0.953"/>
  <testcase name="Given I am login" classname="| Nagios-Pet | Success |" time="0"/>
  <testcase name="And I am on Events Browser page" classname="| Nagios-Pet | Success |" time="0"/>
  <testcase name="When I select Nagios-Pet as Source" classname="| Nagios-Pet | Success |" time="0"/>
  <testcase name="And I select Success as Status" classname="| Nagios-Pet | Success |" time="0"/>
  <testcase name="And I select Date Range: From 06/01/2019 00:00 To 07/01/2019 00:00" classname="| Nagios-Pet | Success |" time="0"/>
  <testcase name="And I click Apply" classname="| Nagios-Pet | Success |" time="0"/>
  <testcase name="Then Events Browser page should list the events received from 06/01/2019 00:00 to 07/01/2019 00:00 and with Nagios-Pet as source" classname="| Nagios-Pet | Success |" time="0"/>
  <testcase name="And with Success actions only" classname="| Nagios-Pet | Success |" time="0"/>
  <testcase name="| Nagios-Pet | Success |" classname="| Nagios-Pet | Success |" time="0.903"/>
  <testcase name="Given I am login" classname="| Nagios-Pet | Partially Successful |" time="0"/>
  <testcase name="And I am on Events Browser page" classname="| Nagios-Pet | Partially Successful |" time="0"/>
  <testcase name="When I select Nagios-Pet as Source" classname="| Nagios-Pet | Partially Successful |" time="0"/>
  <testcase name="And I select Partially Successful as Status" classname="| Nagios-Pet | Partially Successful |" time="0"/>
  <testcase name="And I select Date Range: From 06/01/2019 00:00 To 07/01/2019 00:00" classname="| Nagios-Pet | Partially Successful |" time="0"/>
  <testcase name="And I click Apply" classname="| Nagios-Pet | Partially Successful |" time="0"/>
  <testcase name="Then Events Browser page should list the events received from 06/01/2019 00:00 to 07/01/2019 00:00 and with Nagios-Pet as source" classname="| Nagios-Pet | Partially Successful |" time="0"/>
  <testcase name="And with Partially Successful actions only" classname="| Nagios-Pet | Partially Successful |" time="0"/>
  <testcase name="| Nagios-Pet | Partially Successful |" classname="| Nagios-Pet | Partially Successful |" time="0.942"/>
  <testcase name="Given I am login" classname="| Nagios-Pet | Failed |" time="0"/>
  <testcase name="And I am on Events Browser page" classname="| Nagios-Pet | Failed |" time="0"/>
  <testcase name="When I select Nagios-Pet as Source" classname="| Nagios-Pet | Failed |" time="0"/>
  <testcase name="And I select Failed as Status" classname="| Nagios-Pet | Failed |" time="0"/>
  <testcase name="And I select Date Range: From 06/01/2019 00:00 To 07/01/2019 00:00" classname="| Nagios-Pet | Failed |" time="0"/>
  <testcase name="And I click Apply" classname="| Nagios-Pet | Failed |" time="0"/>
  <testcase name="Then Events Browser page should list the events received from 06/01/2019 00:00 to 07/01/2019 00:00 and with Nagios-Pet as source" classname="| Nagios-Pet | Failed |" time="0"/>
  <testcase name="And with Failed actions only" classname="| Nagios-Pet | Failed |" time="0"/>
  <testcase name="| Nagios-Pet | Failed |" classname="| Nagios-Pet | Failed |" time="1.04"/>
  <testcase name="Given I am login" classname="| Cisco Meraki | Success |" time="0"/>
  <testcase name="And I am on Events Browser page" classname="| Cisco Meraki | Success |" time="0"/>
  <testcase name="When I select Cisco Meraki as Source" classname="| Cisco Meraki | Success |" time="0"/>
  <testcase name="And I select Success as Status" classname="| Cisco Meraki | Success |" time="0"/>
  <testcase name="And I select Date Range: From 06/01/2019 00:00 To 07/01/2019 00:00" classname="| Cisco Meraki | Success |" time="0"/>
  <testcase name="And I click Apply" classname="| Cisco Meraki | Success |" time="0"/>
  <testcase name="Then Events Browser page should list the events received from 06/01/2019 00:00 to 07/01/2019 00:00 and with Cisco Meraki as source" classname="| Cisco Meraki | Success |" time="0"/>
  <testcase name="And with Success actions only" classname="| Cisco Meraki | Success |" time="0"/>
  <testcase name="| Cisco Meraki | Success |" classname="| Cisco Meraki | Success |" time="0.997"/>
  <testcase name="Given I am login" classname="| Cisco Meraki | Partially Successful |" time="0"/>
  <testcase name="And I am on Events Browser page" classname="| Cisco Meraki | Partially Successful |" time="0"/>
  <testcase name="When I select Cisco Meraki as Source" classname="| Cisco Meraki | Partially Successful |" time="0"/>
  <testcase name="And I select Partially Successful as Status" classname="| Cisco Meraki | Partially Successful |" time="0"/>
  <testcase name="And I select Date Range: From 06/01/2019 00:00 To 07/01/2019 00:00" classname="| Cisco Meraki | Partially Successful |" time="0"/>
  <testcase name="And I click Apply" classname="| Cisco Meraki | Partially Successful |" time="0"/>
  <testcase name="Then Events Browser page should list the events received from 06/01/2019 00:00 to 07/01/2019 00:00 and with Cisco Meraki as source" classname="| Cisco Meraki | Partially Successful |" time="0"/>
  <testcase name="And with Partially Successful actions only" classname="| Cisco Meraki | Partially Successful |" time="0"/>
  <testcase name="| Cisco Meraki | Partially Successful |" classname="| Cisco Meraki | Partially Successful |" time="1.111"/>
  <testcase name="Given I am login" classname="| Cisco Meraki | Failed |" time="0"/>
  <testcase name="And I am on Events Browser page" classname="| Cisco Meraki | Failed |" time="0"/>
  <testcase name="When I select Cisco Meraki as Source" classname="| Cisco Meraki | Failed |" time="0"/>
  <testcase name="And I select Failed as Status" classname="| Cisco Meraki | Failed |" time="0"/>
  <testcase name="And I select Date Range: From 06/01/2019 00:00 To 07/01/2019 00:00" classname="| Cisco Meraki | Failed |" time="0"/>
  <testcase name="And I click Apply" classname="| Cisco Meraki | Failed |" time="0"/>
  <testcase name="Then Events Browser page should list the events received from 06/01/2019 00:00 to 07/01/2019 00:00 and with Cisco Meraki as source" classname="| Cisco Meraki | Failed |" time="0"/>
  <testcase name="And with Failed actions only" classname="| Cisco Meraki | Failed |" time="0"/>
  <testcase name="| Cisco Meraki | Failed |" classname="| Cisco Meraki | Failed |" time="1.05"/>
</testsuite>